<?xml version="1.0" encoding="UTF-8"?>
<!-- Generated by org.testng.reporters.JUnitXMLReporter -->
<testsuite hostname="CTSNJY21771" name="quizTest" tests="5" failures="1" timestamp="19 Jan 2016 17:41:18 GMT" time="24.791" errors="0">
  <testcase name="testQuizPage" time="5.0" classname="com.tests.QuizPageTest"/>
  <testcase name="testSubjectsCount" time="0.044" classname="com.tests.QuizPageTest"/>
  <testcase name="testforSubjectName" time="0.079" classname="com.tests.QuizPageTest"/>
  <testcase name="testquizStartPage" time="0.339" classname="com.tests.QuizPageTest"/>
  <testcase name="testquestionPage" time="10.349" classname="com.tests.QuizPageTest">
    <failure type="java.lang.AssertionError" message="expected [true] but found [false]">
      <![CDATA[java.lang.AssertionError: expected [true] but found [false]
	at com.tests.QuizPageTest.testquestionPage(QuizPageTest.java:81)
... Removed 28 stack frames]]>
    </failure>
  </testcase> <!-- testquestionPage -->
</testsuite> <!-- quizTest -->
