<?xml version="1.0" encoding="UTF-8"?>
<testng-results skipped="0" failed="1" total="5" passed="4">
  <reporter-output>
  </reporter-output>
  <suite name="quizSuite" duration-ms="24791" started-at="2016-01-19T17:40:54Z" finished-at="2016-01-19T17:41:18Z">
    <groups>
    </groups>
    <test name="quizTest" duration-ms="24791" started-at="2016-01-19T17:40:54Z" finished-at="2016-01-19T17:41:18Z">
      <class name="com.tests.QuizPageTest">
        <test-method status="PASS" signature="init()[pri:0, instance:com.tests.QuizPageTest@5fc7f7]" name="init" is-config="true" duration-ms="8957" started-at="2016-01-19T09:40:54Z" finished-at="2016-01-19T09:41:03Z">
          <reporter-output>
          </reporter-output>
        </test-method> <!-- init -->
        <test-method status="PASS" signature="testQuizPage(java.lang.String, java.lang.String)[pri:1, instance:com.tests.QuizPageTest@5fc7f7]" name="testQuizPage" duration-ms="5000" started-at="2016-01-19T09:41:03Z" finished-at="2016-01-19T09:41:08Z">
          <params>
            <param index="0">
              <value>
                <![CDATA[Neelu326@gmail.com]]>
              </value>
            </param>
            <param index="1">
              <value>
                <![CDATA[training]]>
              </value>
            </param>
          </params>
          <reporter-output>
          </reporter-output>
        </test-method> <!-- testQuizPage -->
        <test-method status="PASS" signature="testSubjectsCount()[pri:2, instance:com.tests.QuizPageTest@5fc7f7]" name="testSubjectsCount" duration-ms="44" started-at="2016-01-19T09:41:08Z" depends-on-methods="com.tests.QuizPageTest.testQuizPage" finished-at="2016-01-19T09:41:08Z">
          <reporter-output>
          </reporter-output>
        </test-method> <!-- testSubjectsCount -->
        <test-method status="PASS" signature="testforSubjectName(java.lang.String)[pri:3, instance:com.tests.QuizPageTest@5fc7f7]" name="testforSubjectName" duration-ms="79" started-at="2016-01-19T09:41:08Z" depends-on-methods="com.tests.QuizPageTest.testQuizPage" finished-at="2016-01-19T09:41:08Z">
          <params>
            <param index="0">
              <value>
                <![CDATA[CSS]]>
              </value>
            </param>
          </params>
          <reporter-output>
          </reporter-output>
        </test-method> <!-- testforSubjectName -->
        <test-method status="PASS" signature="testquizStartPage(java.lang.String)[pri:4, instance:com.tests.QuizPageTest@5fc7f7]" name="testquizStartPage" duration-ms="339" started-at="2016-01-19T09:41:08Z" depends-on-methods="com.tests.QuizPageTest.testQuizPage" finished-at="2016-01-19T09:41:08Z">
          <params>
            <param index="0">
              <value>
                <![CDATA[CSS]]>
              </value>
            </param>
          </params>
          <reporter-output>
          </reporter-output>
        </test-method> <!-- testquizStartPage -->
        <test-method status="FAIL" signature="testquestionPage(java.lang.String, java.lang.String, java.lang.String)[pri:5, instance:com.tests.QuizPageTest@5fc7f7]" name="testquestionPage" duration-ms="10349" started-at="2016-01-19T09:41:08Z" depends-on-methods="com.tests.QuizPageTest.testQuizPage" finished-at="2016-01-19T09:41:18Z">
          <params>
            <param index="0">
              <value>
                <![CDATA[Neelu326@gmail.com]]>
              </value>
            </param>
            <param index="1">
              <value>
                <![CDATA[training]]>
              </value>
            </param>
            <param index="2">
              <value>
                <![CDATA[CSS]]>
              </value>
            </param>
          </params>
          <exception class="java.lang.AssertionError">
            <message>
              <![CDATA[expected [true] but found [false]]]>
            </message>
            <full-stacktrace>
              <![CDATA[java.lang.AssertionError: expected [true] but found [false]
	at org.testng.Assert.fail(Assert.java:94)
	at org.testng.Assert.failNotEquals(Assert.java:496)
	at org.testng.Assert.assertTrue(Assert.java:42)
	at org.testng.Assert.assertTrue(Assert.java:52)
	at com.tests.QuizPageTest.testquestionPage(QuizPageTest.java:81)
	at sun.reflect.NativeMethodAccessorImpl.invoke0(Native Method)
	at sun.reflect.NativeMethodAccessorImpl.invoke(Unknown Source)
	at sun.reflect.DelegatingMethodAccessorImpl.invoke(Unknown Source)
	at java.lang.reflect.Method.invoke(Unknown Source)
	at org.testng.internal.MethodInvocationHelper.invokeMethod(MethodInvocationHelper.java:86)
	at org.testng.internal.Invoker.invokeMethod(Invoker.java:643)
	at org.testng.internal.Invoker.invokeTestMethod(Invoker.java:820)
	at org.testng.internal.Invoker.invokeTestMethods(Invoker.java:1128)
	at org.testng.internal.TestMethodWorker.invokeTestMethods(TestMethodWorker.java:129)
	at org.testng.internal.TestMethodWorker.run(TestMethodWorker.java:112)
	at org.testng.TestRunner.privateRun(TestRunner.java:782)
	at org.testng.TestRunner.run(TestRunner.java:632)
	at org.testng.SuiteRunner.runTest(SuiteRunner.java:366)
	at org.testng.SuiteRunner.runSequentially(SuiteRunner.java:361)
	at org.testng.SuiteRunner.privateRun(SuiteRunner.java:319)
	at org.testng.SuiteRunner.run(SuiteRunner.java:268)
	at org.testng.SuiteRunnerWorker.runSuite(SuiteRunnerWorker.java:52)
	at org.testng.SuiteRunnerWorker.run(SuiteRunnerWorker.java:86)
	at org.testng.TestNG.runSuitesSequentially(TestNG.java:1246)
	at org.testng.TestNG.runSuitesLocally(TestNG.java:1171)
	at org.testng.TestNG.run(TestNG.java:1066)
	at org.testng.remote.RemoteTestNG.run(RemoteTestNG.java:113)
	at org.testng.remote.RemoteTestNG.initAndRun(RemoteTestNG.java:206)
	at org.testng.remote.RemoteTestNG.main(RemoteTestNG.java:177)
]]>
            </full-stacktrace>
          </exception> <!-- java.lang.AssertionError -->
          <reporter-output>
          </reporter-output>
        </test-method> <!-- testquestionPage -->
        <test-method status="PASS" signature="teardown()[pri:0, instance:com.tests.QuizPageTest@5fc7f7]" name="teardown" is-config="true" duration-ms="0" started-at="2016-01-19T09:41:18Z" finished-at="2016-01-19T09:41:18Z">
          <reporter-output>
          </reporter-output>
        </test-method> <!-- teardown -->
      </class> <!-- com.tests.QuizPageTest -->
    </test> <!-- quizTest -->
  </suite> <!-- quizSuite -->
</testng-results>
